<?xml version="1.0" encoding="UTF-8"?>
<!-- Generated by org.testng.reporters.JUnitXMLReporter -->
<testsuite ignored="0" hostname="LAPTOP-G4TTOV91" failures="1" tests="1" name="Default test" time="12.338" errors="0" timestamp="2025-02-21T15:50:47 IST">
  <testcase classname="io.cucumber.testng.AbstractTestNGCucumberTests" name="runScenario" time="10.615">
    <failure type="java.lang.NumberFormatException" message="For input string: &amp;quot;&amp;quot;3&amp;quot;&amp;quot;">
      <![CDATA[java.lang.NumberFormatException: For input string: ""3""
at java.base/java.lang.NumberFormatException.forInputString(NumberFormatException.java:67)
at java.base/java.lang.Integer.parseInt(Integer.java:648)
at java.base/java.lang.Integer.parseInt(Integer.java:778)
at stepDefinitions.LandingPage_StepDefinition.add_items_checkoutpage(LandingPage_StepDefinition.java:54)
at ✽.added "3" items to checkout page(file:///C:/Users/Selvaraj/eclipse-workspace/Cucumber_Framework/src/test/java/features/CheckOut.feature:27)
]]>
    </failure>
  </testcase> <!-- runScenario -->
</testsuite> <!-- Default test -->
