<?xml version="1.0" encoding="UTF-8"?>
<testng-results ignored="0" total="1" passed="0" failed="1" skipped="0">
  <reporter-output>
  </reporter-output>
  <suite started-at="2025-02-22T08:58:08 IST" name="Surefire suite" finished-at="2025-02-22T08:58:18 IST" duration-ms="10544">
    <groups>
      <group name="cucumber">
        <method signature="AbstractTestNGCucumberTests.runScenario(io.cucumber.testng.PickleWrapper,io.cucumber.testng.FeatureWrapper)[pri:0, instance:cucumberOptions.TestNGTestRunner@72057ecf]" name="runScenario" class="io.cucumber.testng.AbstractTestNGCucumberTests"/>
      </group> <!-- cucumber -->
    </groups>
    <test started-at="2025-02-22T08:58:08 IST" name="Surefire test" finished-at="2025-02-22T08:58:18 IST" duration-ms="10544">
      <class name="cucumberOptions.TestNGTestRunner">
        <test-method is-config="true" signature="setUpClass(org.testng.ITestContext)[pri:0, instance:cucumberOptions.TestNGTestRunner@72057ecf]" started-at="2025-02-22T08:58:08 IST" name="setUpClass" finished-at="2025-02-22T08:58:09 IST" duration-ms="1048" status="PASS">
          <params>
            <param index="0">
              <value>
                <![CDATA[org.testng.TestRunner@2a76b80a]]>
              </value>
            </param>
          </params>
          <reporter-output>
          </reporter-output>
        </test-method> <!-- setUpClass -->
        <test-method signature="runScenario(io.cucumber.testng.PickleWrapper,io.cucumber.testng.FeatureWrapper)[pri:0, instance:cucumberOptions.TestNGTestRunner@72057ecf]" started-at="2025-02-22T08:58:09 IST" name="runScenario" description="Runs Cucumber Scenarios" data-provider="scenarios" finished-at="2025-02-22T08:58:18 IST" duration-ms="9258" status="FAIL">
          <params>
            <param index="0">
              <value>
                <![CDATA["Product search experience in both home and offers page"]]>
              </value>
            </param>
            <param index="1">
              <value>
                <![CDATA["Search and Place the order for products"]]>
              </value>
            </param>
          </params>
          <exception class="java.lang.NumberFormatException">
            <message>
              <![CDATA[For input string: ""3""]]>
            </message>
            <full-stacktrace>
              <![CDATA[java.lang.NumberFormatException: For input string: ""3""
at java.base/java.lang.NumberFormatException.forInputString(NumberFormatException.java:67)
at java.base/java.lang.Integer.parseInt(Integer.java:648)
at java.base/java.lang.Integer.parseInt(Integer.java:778)
at stepDefinitions.LandingPage_StepDefinition.add_items_checkoutpage(LandingPage_StepDefinition.java:54)
at ✽.added "3" items to checkout page(file:///C:/Users/Selvaraj/eclipse-workspace/Cucumber_Framework/src/test/java/features/CheckOut.feature:27)
]]>
            </full-stacktrace>
          </exception> <!-- java.lang.NumberFormatException -->
          <reporter-output>
          </reporter-output>
        </test-method> <!-- runScenario -->
        <test-method is-config="true" signature="tearDownClass()[pri:0, instance:cucumberOptions.TestNGTestRunner@72057ecf]" started-at="2025-02-22T08:58:18 IST" name="tearDownClass" finished-at="2025-02-22T08:58:18 IST" duration-ms="149" status="PASS">
          <reporter-output>
          </reporter-output>
        </test-method> <!-- tearDownClass -->
      </class> <!-- cucumberOptions.TestNGTestRunner -->
    </test> <!-- Surefire test -->
  </suite> <!-- Surefire suite -->
</testng-results>
