<?xml version="1.0" encoding="UTF-8"?>
<!-- Generated by org.testng.reporters.JUnitReportReporter -->
<testsuite hostname="LAPTOP-G4TTOV91" failures="0" tests="1" name="cucumberOptions.Failed_TestNGTestRunner" time="10.615" errors="1" timestamp="2025-02-21T15:50:47 IST" skipped="0">
  <testcase classname="cucumberOptions.Failed_TestNGTestRunner" name="runScenario" time="10.615">
    <error message="For input string: &quot;&quot;3&quot;&quot;" type="java.lang.NumberFormatException">
      <![CDATA[java.lang.NumberFormatException: For input string: ""3""
at java.base/java.lang.NumberFormatException.forInputString(NumberFormatException.java:67)
at java.base/java.lang.Integer.parseInt(Integer.java:648)
at java.base/java.lang.Integer.parseInt(Integer.java:778)
at stepDefinitions.LandingPage_StepDefinition.add_items_checkoutpage(LandingPage_StepDefinition.java:54)
at ✽.added "3" items to checkout page(file:///C:/Users/Selvaraj/eclipse-workspace/Cucumber_Framework/src/test/java/features/CheckOut.feature:27)
]]>
    </error>
  </testcase> <!-- runScenario -->
</testsuite> <!-- cucumberOptions.Failed_TestNGTestRunner -->
